#
# A fatal error has been detected by the Java Runtime Environment:
#
#  SIGSEGV (0xb) at pc=0x000000010b5648f8, pid=25229, tid=0x0000000000009403
#
# JRE version: OpenJDK Runtime Environment (8.0_282) (build 1.8.0_282-bre_2021_01_20_15_56-b00)
# Java VM: OpenJDK 64-Bit Server VM (25.282-b00 mixed mode bsd-amd64 compressed oops)
# Problematic frame:
# V  [libjvm.dylib+0x5648f8]
#
# Failed to write core dump. Core dumps have been disabled. To enable core dumping, try "ulimit -c unlimited" before starting Java again
#
# If you would like to submit a bug report, please visit:
#   http://bugreport.java.com/bugreport/crash.jsp
#

---------------  T H R E A D  ---------------

Current thread (0x00007f91f1845200):  JavaThread "CompactionExecutor:2" daemon [_thread_in_vm, id=37891, stack(0x000070000a9e1000,0x000070000aa21000)]

siginfo: si_signo: 11 (SIGSEGV), si_code: 1 (SEGV_MAPERR), si_addr: 0x0000000000000000

Registers:
RAX=0x000000010b6ff130, RBX=0x00007f91f1845200, RCX=0x00007f91f22a7a30, RDX=0x0000000000000000
RSP=0x000070000aa1f9d0, RBP=0x000070000aa1fa00, RSI=0x000070000aa1fa10, RDI=0x00007f91f1845450
R8 =0x0000000000000000, R9 =0x0000000000000000, R10=0x0000000115bb720c, R11=0x0000000115bb71d8
R12=0x0000000000000000, R13=0x000070000aa1fa70, R14=0x00007f91f22a7a30, R15=0x0000000000000000
RIP=0x000000010b5648f8, EFLAGS=0x0000000000010246, ERR=0x0000000000000004
  TRAPNO=0x000000000000000e

Top of Stack: (sp=0x000070000aa1f9d0)
0x000070000aa1f9d0:   00007f91efde6900 00007f91f1845200
0x000070000aa1f9e0:   00007f91f1845200 0000000110874dd0
0x000070000aa1f9f0:   000070000aa1fb50 00007f91f1845200
0x000070000aa1fa00:   000070000aa1fa50 0000000115bb727e
0x000070000aa1fa10:   0000000756802178 0000000000000000
0x000070000aa1fa20:   00007f91eff4cbe8 000000000000006c
0x000070000aa1fa30:   000070000aa1fa70 000000010b567df4
0x000070000aa1fa40:   00007f91efc0c9a0 00007f91f1845200
0x000070000aa1fa50:   000070000aa1fad0 00000001152e5700
0x000070000aa1fa60:   000070000aa1fad0 00000001152e5700
0x000070000aa1fa70:   00007f91f22a7a30 00000001152e5a40
0x000070000aa1fa80:   0000000000000000 0000000756802178
0x000070000aa1fa90:   000070000aa1fa90 0000000112ceacf5
0x000070000aa1faa0:   000070000aa1fb50 0000000112ceafe0
0x000070000aa1fab0:   0000000112eafb30 0000000112ceadf8
0x000070000aa1fac0:   000070000aa1fa70 000070000aa1fb18
0x000070000aa1fad0:   000070000aa1fb98 00000001152e5a40
0x000070000aa1fae0:   0000000000000000 0000000000000000
0x000070000aa1faf0:   0000000000000000 0000000000000000
0x000070000aa1fb00:   0000000000000000 0000000000000000
0x000070000aa1fb10:   0000000000000005 0000000000000005
0x000070000aa1fb20:   0000000000000010 00000001152e5a40
0x000070000aa1fb30:   000000074c15a228 0000000000000005
0x000070000aa1fb40:   00007f91f22a7a30 0000000000000010
0x000070000aa1fb50:   0000000000000000 000070000aa1fb58
0x000070000aa1fb60:   0000000112ceab24 000070000aa1fbf8
0x000070000aa1fb70:   0000000112ceafe0 0000000112eaf850
0x000070000aa1fb80:   0000000112ceabc0 000070000aa1fb18
0x000070000aa1fb90:   000070000aa1fbd8 000070000aa1fc40
0x000070000aa1fba0:   00000001152e5a40 0000000000000005
0x000070000aa1fbb0:   0000000000000005 0000000000000000
0x000070000aa1fbc0:   0000000000000010 0000000000000000 

Instructions: (pc=0x000000010b5648f8)
0x000000010b5648d8:   00 30 74 08 48 89 df e8 e6 97 fe ff c7 83 c8 02
0x000000010b5648e8:   00 00 06 00 00 00 48 89 5d e0 41 f6 c7 01 75 05
0x000000010b5648f8:   49 8b 07 eb 08 4c 89 ff e8 0d 10 dd ff 42 0f be
0x000000010b564908:   1c 30 48 8d 7d e0 e8 3d 95 df ff 48 8d 7d d8 e8 

Register to memory mapping:

RAX=0x000000010b6ff130: _ZN20SafepointSynchronize6_stateE+0 in /usr/local/Cellar/openjdk@8/1.8.0+282/libexec/openjdk.jdk/Contents/Home/jre/lib/server/libjvm.dylib at 0x000000010b000000
RBX=0x00007f91f1845200 is a thread
RCX=0x00007f91f22a7a30 is an unknown value
RDX=0x0000000000000000 is an unknown value
RSP=0x000070000aa1f9d0 is pointing into the stack for thread: 0x00007f91f1845200
RBP=0x000070000aa1fa00 is pointing into the stack for thread: 0x00007f91f1845200
RSI=0x000070000aa1fa10 is pointing into the stack for thread: 0x00007f91f1845200
RDI=0x00007f91f1845450 is an unknown value
R8 =0x0000000000000000 is an unknown value
R9 =0x0000000000000000 is an unknown value
R10=0x0000000115bb720c is at entry_point+76 in (nmethod*)0x0000000115bb7050
R11=0x0000000115bb71d8 is at entry_point+24 in (nmethod*)0x0000000115bb7050
R12=0x0000000000000000 is an unknown value
R13=0x000070000aa1fa70 is pointing into the stack for thread: 0x00007f91f1845200
R14=0x00007f91f22a7a30 is an unknown value
R15=0x0000000000000000 is an unknown value


Stack: [0x000070000a9e1000,0x000070000aa21000],  sp=0x000070000aa1f9d0,  free space=250k
Native frames: (J=compiled Java code, j=interpreted, Vv=VM code, C=native code)
V  [libjvm.dylib+0x5648f8]
J 2782  sun.misc.Unsafe.getByte(Ljava/lang/Object;J)B (0 bytes) @ 0x0000000115bb727e [0x0000000115bb71c0+0xbe]
j  org.apache.cassandra.utils.FastByteOperations$UnsafeOperations.compareTo(Ljava/lang/Object;JILjava/lang/Object;JI)I+117
j  org.apache.cassandra.utils.FastByteOperations$UnsafeOperations.compareTo(Ljava/lang/Object;JILjava/nio/ByteBuffer;)I+84
j  org.apache.cassandra.utils.FastByteOperations$UnsafeOperations.compareTo(Ljava/nio/ByteBuffer;Ljava/nio/ByteBuffer;)I+57
j  org.apache.cassandra.utils.FastByteOperations$UnsafeOperations.compare(Ljava/nio/ByteBuffer;Ljava/nio/ByteBuffer;)I+2
j  org.apache.cassandra.utils.FastByteOperations.compareUnsigned(Ljava/nio/ByteBuffer;Ljava/nio/ByteBuffer;)I+5
j  org.apache.cassandra.utils.ByteBufferUtil.compareUnsigned(Ljava/nio/ByteBuffer;Ljava/nio/ByteBuffer;)I+2
j  org.apache.cassandra.db.DecoratedKey.compareTo(Lorg/apache/cassandra/dht/IPartitioner;Ljava/nio/ByteBuffer;Lorg/apache/cassandra/db/PartitionPosition;)I+53
j  org.apache.cassandra.io.sstable.IndexSummary.binarySearch(Lorg/apache/cassandra/db/PartitionPosition;)I+54
j  org.apache.cassandra.io.sstable.format.SSTableReader.getIndexScanPosition(Lorg/apache/cassandra/db/PartitionPosition;)J+33
j  org.apache.cassandra.io.sstable.format.big.BigTableScanner.seekToCurrentRangeStart()V+14
j  org.apache.cassandra.io.sstable.format.big.BigTableScanner.access$400(Lorg/apache/cassandra/io/sstable/format/big/BigTableScanner;)V+1
j  org.apache.cassandra.io.sstable.format.big.BigTableScanner$KeyScanningIterator.computeNext()Lorg/apache/cassandra/db/rows/UnfilteredRowIterator;+105
j  org.apache.cassandra.io.sstable.format.big.BigTableScanner$KeyScanningIterator.computeNext()Ljava/lang/Object;+1
j  org.apache.cassandra.utils.AbstractIterator.hasNext()Z+45
j  org.apache.cassandra.io.sstable.format.big.BigTableScanner.hasNext()Z+19
j  org.apache.cassandra.utils.MergeIterator$Candidate.advance()Lorg/apache/cassandra/utils/MergeIterator$Candidate;+21
j  org.apache.cassandra.utils.MergeIterator$ManyToOne.advance()V+27
j  org.apache.cassandra.utils.MergeIterator$ManyToOne.computeNext()Ljava/lang/Object;+1
j  org.apache.cassandra.utils.AbstractIterator.hasNext()Z+45
j  org.apache.cassandra.db.partitions.UnfilteredPartitionIterators$2.hasNext()Z+4
j  org.apache.cassandra.db.transform.BasePartitions.hasNext()Z+49
j  org.apache.cassandra.db.compaction.CompactionIterator.hasNext()Z+4
j  org.apache.cassandra.db.compaction.CompactionTask.runMayThrow()V+456
j  org.apache.cassandra.utils.WrappedRunnable.run()V+1
j  org.apache.cassandra.db.compaction.CompactionTask.executeInternal(Lorg/apache/cassandra/db/compaction/CompactionManager$CompactionExecutorStatsCollector;)I+6
j  org.apache.cassandra.db.compaction.AbstractCompactionTask.execute(Lorg/apache/cassandra/db/compaction/CompactionManager$CompactionExecutorStatsCollector;)I+2
j  org.apache.cassandra.db.compaction.CompactionManager$BackgroundCompactionCandidate.run()V+128
j  java.util.concurrent.Executors$RunnableAdapter.call()Ljava/lang/Object;+4
j  java.util.concurrent.FutureTask.run()V+42
j  java.util.concurrent.ThreadPoolExecutor.runWorker(Ljava/util/concurrent/ThreadPoolExecutor$Worker;)V+95
j  java.util.concurrent.ThreadPoolExecutor$Worker.run()V+5
j  org.apache.cassandra.concurrent.NamedThreadFactory.lambda$threadLocalDeallocator$0(Ljava/lang/Runnable;)V+1
j  org.apache.cassandra.concurrent.NamedThreadFactory$$Lambda$5.run()V+4
j  java.lang.Thread.run()V+11
v  ~StubRoutines::call_stub
V  [libjvm.dylib+0x2c9911]
V  [libjvm.dylib+0x2c8784]
V  [libjvm.dylib+0x2c8965]
V  [libjvm.dylib+0x34486b]
V  [libjvm.dylib+0x54ca1e]
V  [libjvm.dylib+0x54c8e3]
V  [libjvm.dylib+0x483343]
C  [libsystem_pthread.dylib+0x32eb]  _pthread_body+0x7e
C  [libsystem_pthread.dylib+0x6249]  _pthread_start+0x42
C  [libsystem_pthread.dylib+0x240d]  thread_start+0xd
C  0x0000000000000000

Java frames: (J=compiled Java code, j=interpreted, Vv=VM code)
J 2782  sun.misc.Unsafe.getByte(Ljava/lang/Object;J)B (0 bytes) @ 0x0000000115bb720c [0x0000000115bb71c0+0x4c]
j  org.apache.cassandra.utils.FastByteOperations$UnsafeOperations.compareTo(Ljava/lang/Object;JILjava/lang/Object;JI)I+117
j  org.apache.cassandra.utils.FastByteOperations$UnsafeOperations.compareTo(Ljava/lang/Object;JILjava/nio/ByteBuffer;)I+84
j  org.apache.cassandra.utils.FastByteOperations$UnsafeOperations.compareTo(Ljava/nio/ByteBuffer;Ljava/nio/ByteBuffer;)I+57
j  org.apache.cassandra.utils.FastByteOperations$UnsafeOperations.compare(Ljava/nio/ByteBuffer;Ljava/nio/ByteBuffer;)I+2
j  org.apache.cassandra.utils.FastByteOperations.compareUnsigned(Ljava/nio/ByteBuffer;Ljava/nio/ByteBuffer;)I+5
j  org.apache.cassandra.utils.ByteBufferUtil.compareUnsigned(Ljava/nio/ByteBuffer;Ljava/nio/ByteBuffer;)I+2
j  org.apache.cassandra.db.DecoratedKey.compareTo(Lorg/apache/cassandra/dht/IPartitioner;Ljava/nio/ByteBuffer;Lorg/apache/cassandra/db/PartitionPosition;)I+53
j  org.apache.cassandra.io.sstable.IndexSummary.binarySearch(Lorg/apache/cassandra/db/PartitionPosition;)I+54
j  org.apache.cassandra.io.sstable.format.SSTableReader.getIndexScanPosition(Lorg/apache/cassandra/db/PartitionPosition;)J+33
j  org.apache.cassandra.io.sstable.format.big.BigTableScanner.seekToCurrentRangeStart()V+14
j  org.apache.cassandra.io.sstable.format.big.BigTableScanner.access$400(Lorg/apache/cassandra/io/sstable/format/big/BigTableScanner;)V+1
j  org.apache.cassandra.io.sstable.format.big.BigTableScanner$KeyScanningIterator.computeNext()Lorg/apache/cassandra/db/rows/UnfilteredRowIterator;+105
j  org.apache.cassandra.io.sstable.format.big.BigTableScanner$KeyScanningIterator.computeNext()Ljava/lang/Object;+1
j  org.apache.cassandra.utils.AbstractIterator.hasNext()Z+45
j  org.apache.cassandra.io.sstable.format.big.BigTableScanner.hasNext()Z+19
j  org.apache.cassandra.utils.MergeIterator$Candidate.advance()Lorg/apache/cassandra/utils/MergeIterator$Candidate;+21
j  org.apache.cassandra.utils.MergeIterator$ManyToOne.advance()V+27
j  org.apache.cassandra.utils.MergeIterator$ManyToOne.computeNext()Ljava/lang/Object;+1
j  org.apache.cassandra.utils.AbstractIterator.hasNext()Z+45
j  org.apache.cassandra.db.partitions.UnfilteredPartitionIterators$2.hasNext()Z+4
j  org.apache.cassandra.db.transform.BasePartitions.hasNext()Z+49
j  org.apache.cassandra.db.compaction.CompactionIterator.hasNext()Z+4
j  org.apache.cassandra.db.compaction.CompactionTask.runMayThrow()V+456
j  org.apache.cassandra.utils.WrappedRunnable.run()V+1
j  org.apache.cassandra.db.compaction.CompactionTask.executeInternal(Lorg/apache/cassandra/db/compaction/CompactionManager$CompactionExecutorStatsCollector;)I+6
j  org.apache.cassandra.db.compaction.AbstractCompactionTask.execute(Lorg/apache/cassandra/db/compaction/CompactionManager$CompactionExecutorStatsCollector;)I+2
j  org.apache.cassandra.db.compaction.CompactionManager$BackgroundCompactionCandidate.run()V+128
j  java.util.concurrent.Executors$RunnableAdapter.call()Ljava/lang/Object;+4
j  java.util.concurrent.FutureTask.run()V+42
j  java.util.concurrent.ThreadPoolExecutor.runWorker(Ljava/util/concurrent/ThreadPoolExecutor$Worker;)V+95
j  java.util.concurrent.ThreadPoolExecutor$Worker.run()V+5
j  org.apache.cassandra.concurrent.NamedThreadFactory.lambda$threadLocalDeallocator$0(Ljava/lang/Runnable;)V+1
j  org.apache.cassandra.concurrent.NamedThreadFactory$$Lambda$5.run()V+4
j  java.lang.Thread.run()V+11
v  ~StubRoutines::call_stub

---------------  P R O C E S S  ---------------

Java Threads: ( => current thread )
  0x00007f91f1e22e00 JavaThread "LocalPool-Cleaner" daemon [_thread_blocked, id=37123, stack(0x000070000aaed000,0x000070000ab2d000)]
  0x00007f91f1844000 JavaThread "NonPeriodicTasks:1" daemon [_thread_blocked, id=26115, stack(0x000070000aaaa000,0x000070000aaea000)]
  0x00007f91f0623800 JavaThread "CacheCleanupExecutor:1" daemon [_thread_blocked, id=25859, stack(0x000070000aa67000,0x000070000aaa7000)]
  0x00007f91f348a000 JavaThread "ValidationExecutor:1" daemon [_thread_blocked, id=25347, stack(0x000070000aa24000,0x000070000aa64000)]
=>0x00007f91f1845200 JavaThread "CompactionExecutor:2" daemon [_thread_in_vm, id=37891, stack(0x000070000a9e1000,0x000070000aa21000)]
  0x00007f91f0623200 JavaThread "CompactionExecutor:1" daemon [_thread_blocked, id=24839, stack(0x000070000a8d5000,0x000070000a915000)]
  0x00007f91f2a0fe00 JavaThread "Reference-Reaper" daemon [_thread_blocked, id=38403, stack(0x000070000a99e000,0x000070000a9de000)]
  0x00007f91f0995c00 JavaThread "ScheduledFastTasks:1" daemon [_thread_blocked, id=38915, stack(0x000070000a95b000,0x000070000a99b000)]
  0x00007f91f0c76c00 JavaThread "OptionalTasks:1" daemon [_thread_blocked, id=25091, stack(0x000070000a918000,0x000070000a958000)]
  0x00007f91f29b9800 JavaThread "PERIODIC-COMMIT-LOG-SYNCER" [_thread_blocked, id=39939, stack(0x000070000a892000,0x000070000a8d2000)]
  0x00007f91f29b4a00 JavaThread "COMMIT-LOG-ALLOCATOR" [_thread_blocked, id=24323, stack(0x000070000a84f000,0x000070000a88f000)]
  0x00007f91f17c3a00 JavaThread "SlabPoolCleaner" daemon [_thread_blocked, id=40451, stack(0x000070000a80c000,0x000070000a84c000)]
  0x00007f91f0c4d600 JavaThread "SecondaryIndexManagement:1" daemon [_thread_blocked, id=23811, stack(0x000070000a7c9000,0x000070000a809000)]
  0x00007f91f0c43e00 JavaThread "MemtableReclaimMemory:1" daemon [_thread_blocked, id=40707, stack(0x000070000a786000,0x000070000a7c6000)]
  0x00007f91f0c43800 JavaThread "MemtablePostFlush:1" daemon [_thread_blocked, id=41219, stack(0x000070000a743000,0x000070000a783000)]
  0x00007f91f17a5a00 JavaThread "PerDiskMemtableFlushWriter_0:2" daemon [_thread_blocked, id=23043, stack(0x000070000a700000,0x000070000a740000)]
  0x00007f91f17a5400 JavaThread "PerDiskMemtableFlushWriter_0:1" daemon [_thread_blocked, id=41731, stack(0x000070000a6bd000,0x000070000a6fd000)]
  0x00007f91f17a8200 JavaThread "MemtableFlushWriter:2" daemon [_thread_blocked, id=22787, stack(0x000070000a67a000,0x000070000a6ba000)]
  0x00007f91f16d0e00 JavaThread "MemtableFlushWriter:1" daemon [_thread_in_vm, id=42243, stack(0x000070000a637000,0x000070000a677000)]
  0x00007f91f1498c00 JavaThread "RMI TCP Accept-0" daemon [_thread_in_native, id=22275, stack(0x000070000a5f4000,0x000070000a634000)]
  0x00007f91f154f000 JavaThread "EXPIRING-MAP-REAPER:1" daemon [_thread_blocked, id=43011, stack(0x000070000a5b1000,0x000070000a5f1000)]
  0x00007f91f0b07600 JavaThread "RMI TCP Accept-7199" daemon [_thread_in_native, id=22019, stack(0x000070000a56e000,0x000070000a5ae000)]
  0x00007f91f14c7800 JavaThread "ScheduledTasks:1" daemon [_thread_blocked, id=16643, stack(0x000070000a52b000,0x000070000a56b000)]
  0x00007f91f125ae00 JavaThread "AsyncAppender-Worker-ASYNCDEBUGLOG" daemon [_thread_blocked, id=5895, stack(0x0000700009875000,0x00007000098b5000)]
  0x00007f91f087e600 JavaThread "Service Thread" daemon [_thread_blocked, id=15875, stack(0x000070000a3e5000,0x000070000a425000)]
  0x00007f91f11a5400 JavaThread "C1 CompilerThread2" daemon [_thread_blocked, id=15619, stack(0x000070000a2e2000,0x000070000a3e2000)]
  0x00007f91f082ca00 JavaThread "C2 CompilerThread1" daemon [_thread_in_native, id=17667, stack(0x000070000a1df000,0x000070000a2df000)]
  0x00007f91f0805400 JavaThread "C2 CompilerThread0" daemon [_thread_in_native, id=17923, stack(0x000070000a0dc000,0x000070000a1dc000)]
  0x00007f91f104e000 JavaThread "Signal Dispatcher" daemon [_thread_blocked, id=18435, stack(0x000070000a099000,0x000070000a0d9000)]
  0x00007f91f104d200 JavaThread "Surrogate Locker Thread (Concurrent GC)" daemon [_thread_blocked, id=18691, stack(0x000070000a056000,0x000070000a096000)]
  0x00007f91f0803e00 JavaThread "Finalizer" daemon [_thread_blocked, id=12803, stack(0x000070000a013000,0x000070000a053000)]
  0x00007f91f100c200 JavaThread "Reference Handler" daemon [_thread_blocked, id=12547, stack(0x0000700009fd0000,0x000070000a010000)]
  0x00007f91f1008200 JavaThread "main" [_thread_blocked, id=7683, stack(0x000070000997b000,0x00007000099bb000)]

Other Threads:
  0x00007f91efe14640 VMThread [stack: 0x0000700009ecd000,0x0000700009fcd000] [id=12035]
  0x00007f91efe35500 WatcherThread [stack: 0x000070000a428000,0x000070000a528000] [id=16899]

VM state:not at safepoint (normal execution)

VM Mutex/Monitor currently owned by a thread: None

heap address: 0x0000000740000000, size: 2048 MB, Compressed Oops mode: Zero based, Oop shift amount: 3
Narrow klass base: 0x0000000000000000, Narrow klass shift: 3
Compressed class space size: 1073741824 Address: 0x00000007c0000000

Heap:
 par new generation   total 368640K, used 279291K [0x0000000740000000, 0x0000000759000000, 0x0000000759000000)
  eden space 327680K,  76% used [0x0000000740000000, 0x000000074f3b0850, 0x0000000754000000)
  from space 40960K,  72% used [0x0000000756800000, 0x000000075850e580, 0x0000000759000000)
  to   space 40960K,   0% used [0x0000000754000000, 0x0000000754000000, 0x0000000756800000)
 concurrent mark-sweep generation total 1687552K, used 0K [0x0000000759000000, 0x00000007c0000000, 0x00000007c0000000)
 Metaspace       used 33666K, capacity 34419K, committed 34612K, reserved 1079296K
  class space    used 4763K, capacity 4971K, committed 5012K, reserved 1048576K

Card table byte_map: [0x000000010bd8e000,0x000000010c18f000] byte_map_base: 0x000000010838e000

Marking Bits: (CMSBitMap*) 0x00007f91f0800348
 Bits: [0x000000010c8de000, 0x000000010e29e000)

Mod Union Table: (CMSBitMap*) 0x00007f91f0800408
 Bits: [0x000000010e29f000, 0x000000010e306000)

Polling page: 0x000000010a7ac000

CodeCache: size=245760Kb used=9368Kb max_used=9368Kb free=236391Kb
 bounds [0x00000001152de000, 0x0000000115c0e000, 0x00000001242de000]
 total_blobs=3406 nmethods=2883 adapters=435
 compilation: enabled

Compilation events (10 events):
Event: 24.183 Thread 0x00007f91f11a5400 nmethod 2883 0x0000000115bfb850 code [0x0000000115bfbaa0, 0x0000000115bfc598]
Event: 24.183 Thread 0x00007f91f11a5400 2886       3       sun.misc.FDBigInteger::multAndCarryBy10 (50 bytes)
Event: 24.183 Thread 0x00007f91f11a5400 nmethod 2886 0x0000000115bfcc90 code [0x0000000115bfce00, 0x0000000115bfd070]
Event: 24.183 Thread 0x00007f91f11a5400 2885       3       sun.misc.FloatingDecimal::getBinaryToASCIIConverter (183 bytes)
Event: 24.184 Thread 0x00007f91f11a5400 nmethod 2885 0x0000000115bfd250 code [0x0000000115bfd440, 0x0000000115bfdc88]
Event: 24.184 Thread 0x00007f91f11a5400 2884       3       com.google.common.base.Preconditions::checkPositionIndexes (29 bytes)
Event: 24.185 Thread 0x00007f91f11a5400 nmethod 2884 0x0000000115bfdf90 code [0x0000000115bfe120, 0x0000000115bfe3f8]
Event: 24.185 Thread 0x00007f91f11a5400 2887       3       com.google.common.collect.RegularImmutableList::listIterator (17 bytes)
Event: 24.185 Thread 0x00007f91f11a5400 nmethod 2887 0x0000000115bfe510 code [0x0000000115bfe680, 0x0000000115bfe828]
Event: 24.185 Thread 0x00007f91f11a5400 2888       3       ch.qos.logback.classic.pattern.FileOfCallerConverter::convert (9 bytes)

GC Heap History (2 events):
Event: 21.864 GC heap before
{Heap before GC invocations=0 (full 0):
 par new generation   total 368640K, used 327680K [0x0000000740000000, 0x0000000759000000, 0x0000000759000000)
  eden space 327680K, 100% used [0x0000000740000000, 0x0000000754000000, 0x0000000754000000)
  from space 40960K,   0% used [0x0000000754000000, 0x0000000754000000, 0x0000000756800000)
  to   space 40960K,   0% used [0x0000000756800000, 0x0000000756800000, 0x0000000759000000)
 concurrent mark-sweep generation total 1687552K, used 0K [0x0000000759000000, 0x00000007c0000000, 0x00000007c0000000)
 Metaspace       used 25713K, capacity 26171K, committed 26532K, reserved 1073152K
  class space    used 3038K, capacity 3164K, committed 3224K, reserved 1048576K
Event: 21.928 GC heap after
Heap after GC invocations=1 (full 0):
 par new generation   total 368640K, used 29753K [0x0000000740000000, 0x0000000759000000, 0x0000000759000000)
  eden space 327680K,   0% used [0x0000000740000000, 0x0000000740000000, 0x0000000754000000)
  from space 40960K,  72% used [0x0000000756800000, 0x000000075850e580, 0x0000000759000000)
  to   space 40960K,   0% used [0x0000000754000000, 0x0000000754000000, 0x0000000756800000)
 concurrent mark-sweep generation total 1687552K, used 0K [0x0000000759000000, 0x00000007c0000000, 0x00000007c0000000)
 Metaspace       used 25713K, capacity 26171K, committed 26532K, reserved 1073152K
  class space    used 3038K, capacity 3164K, committed 3224K, reserved 1048576K
}

Deoptimization events (10 events):
Event: 23.319 Thread 0x00007f91f1008200 Uncommon trap: reason=unstable_if action=reinterpret pc=0x0000000115aac694 method=java.nio.Buffer.<init>(IIII)V @ 66
Event: 23.357 Thread 0x00007f91f16d0e00 Uncommon trap: reason=class_check action=maybe_recompile pc=0x00000001159440f4 method=java.util.Collections$SetFromMap.add(Ljava/lang/Object;)Z @ 8
Event: 23.482 Thread 0x00007f91f16d0e00 Uncommon trap: reason=unstable_if action=reinterpret pc=0x0000000115944fb8 method=java.util.ArrayDeque.isEmpty()Z @ 8
Event: 23.704 Thread 0x00007f91f16d0e00 Uncommon trap: reason=class_check action=maybe_recompile pc=0x0000000115946410 method=java.lang.reflect.Field.get(Ljava/lang/Object;)Ljava/lang/Object; @ 45
Event: 23.864 Thread 0x00007f91f16d0e00 Uncommon trap: reason=class_check action=maybe_recompile pc=0x00000001159440f4 method=java.util.Collections$SetFromMap.add(Ljava/lang/Object;)Z @ 8
Event: 23.874 Thread 0x00007f91f16d0e00 Uncommon trap: reason=class_check action=maybe_recompile pc=0x00000001159440f4 method=java.util.Collections$SetFromMap.add(Ljava/lang/Object;)Z @ 8
Event: 23.875 Thread 0x00007f91f16d0e00 Uncommon trap: reason=class_check action=maybe_recompile pc=0x00000001159440f4 method=java.util.Collections$SetFromMap.add(Ljava/lang/Object;)Z @ 8
Event: 24.022 Thread 0x00007f91f16d0e00 Uncommon trap: reason=unstable_if action=reinterpret pc=0x0000000115b03168 method=com.sun.jmx.mbeanserver.Introspector.findMBeanInterface(Ljava/lang/Class;Ljava/lang/String;)Ljava/lang/Class; @ 22
Event: 24.022 Thread 0x00007f91f16d0e00 Uncommon trap: reason=unstable_if action=reinterpret pc=0x0000000115ae7dc0 method=com.sun.jmx.mbeanserver.Introspector.findMBeanInterface(Ljava/lang/Class;Ljava/lang/String;)Ljava/lang/Class; @ 22
Event: 24.068 Thread 0x00007f91f17a8200 Uncommon trap: reason=unstable_if action=reinterpret pc=0x0000000115918604 method=java.lang.Long.compare(JJ)I @ 13

Classes redefined (0 events):
No events

Internal exceptions (10 events):
Event: 9.082 Thread 0x00007f91f1008200 Exception <a 'sun/nio/fs/UnixException'> (0x0000000743da9cb8) thrown at [/private/tmp/openjdk-8-20210120-7882-1y49x4i/jdk8u282-ga/hotspot/src/share/vm/prims/jni.cpp, line 711]
Event: 9.082 Thread 0x00007f91f1008200 Exception <a 'sun/nio/fs/UnixException'> (0x0000000743daade0) thrown at [/private/tmp/openjdk-8-20210120-7882-1y49x4i/jdk8u282-ga/hotspot/src/share/vm/prims/jni.cpp, line 711]
Event: 14.902 Thread 0x00007f91f1008200 Exception <a 'java/lang/ClassNotFoundException': javax/management/remote/rmi/RMIServerImpl_Skel> (0x0000000745611768) thrown at [/private/tmp/openjdk-8-20210120-7882-1y49x4i/jdk8u282-ga/hotspot/src/share/vm/classfile/systemDictionary.cpp, line 217]
Event: 20.078 Thread 0x00007f91f1008200 Exception <a 'com/sun/jna/LastErrorException': [78] Function not implemented> (0x00000007458ff488) thrown at [/private/tmp/openjdk-8-20210120-7882-1y49x4i/jdk8u282-ga/hotspot/src/share/vm/prims/jni.cpp, line 738]
Event: 20.121 Thread 0x00007f91f1008200 Exception <a 'java/lang/UnsatisfiedLinkError': org.hyperic.sigar.Sigar.open()V> (0x00000007479f3590) thrown at [/private/tmp/openjdk-8-20210120-7882-1y49x4i/jdk8u282-ga/hotspot/src/share/vm/prims/nativeLookup.cpp, line 506]
Event: 20.125 Thread 0x00007f91f1008200 Exception <a 'java/lang/UnsatisfiedLinkError': org.hyperic.sigar.Sigar.getFileSystemListNative()[Lorg/hyperic/sigar/FileSystem;> (0x00000007479fb608) thrown at [/private/tmp/openjdk-8-20210120-7882-1y49x4i/jdk8u282-ga/hotspot/src/share/vm/prims/nativeLook
Event: 20.791 Thread 0x00007f91f1008200 Exception <a 'java/lang/NoSuchMethodError': java.lang.Object.lambda$static$0(Ljava/lang/Object;Ljava/lang/Object;)Ljava/lang/Object;> (0x0000000748a61f40) thrown at [/private/tmp/openjdk-8-20210120-7882-1y49x4i/jdk8u282-ga/hotspot/src/share/vm/interpreter
Event: 21.138 Thread 0x00007f91f1008200 Exception <a 'java/lang/NoSuchMethodError': java.lang.Object.lambda$isEqual$3(Ljava/lang/Object;Ljava/lang/Object;)Z> (0x00000007493d3038) thrown at [/private/tmp/openjdk-8-20210120-7882-1y49x4i/jdk8u282-ga/hotspot/src/share/vm/interpreter/linkResolver.cp
Event: 22.325 Thread 0x00007f91f1008200 Implicit null exception at 0x000000011593a2d4 to 0x000000011593a311
Event: 22.940 Thread 0x00007f91f1008200 Exception <a 'java/lang/NoSuchMethodError': java.lang.Object.lambda$static$0(JI)Z> (0x000000074872aa00) thrown at [/private/tmp/openjdk-8-20210120-7882-1y49x4i/jdk8u282-ga/hotspot/src/share/vm/interpreter/linkResolver.cpp, line 620]

Events (10 events):
Event: 24.170 loading class org/apache/cassandra/utils/memory/BufferPool$LocalPoolRef
Event: 24.170 loading class org/apache/cassandra/utils/memory/BufferPool$LocalPoolRef done
Event: 24.173 loading class com/clearspring/analytics/stream/cardinality/HyperLogLogPlus$Builder
Event: 24.173 loading class com/clearspring/analytics/stream/cardinality/HyperLogLogPlus$Builder done
Event: 24.175 loading class com/clearspring/analytics/util/IBuilder
Event: 24.175 loading class com/clearspring/analytics/util/IBuilder done
Event: 24.178 loading class org/apache/cassandra/io/sstable/SSTableRewriter
Event: 24.178 loading class org/apache/cassandra/io/sstable/SSTableRewriter done
Event: 24.183 loading class org/apache/cassandra/io/sstable/format/big/BigTableScanner$KeyScanningIterator
Event: 24.184 loading class org/apache/cassandra/io/sstable/format/big/BigTableScanner$KeyScanningIterator done


Dynamic libraries:
0x00007fff4ff9e000 	/System/Library/Frameworks/Cocoa.framework/Versions/A/Cocoa
0x00007fff5bd45000 	/System/Library/Frameworks/Security.framework/Versions/A/Security
0x00007fff4ec31000 	/System/Library/Frameworks/ApplicationServices.framework/Versions/A/ApplicationServices
0x00007fff7be33000 	/usr/lib/libz.1.dylib
0x00007fff7978d000 	/usr/lib/libSystem.B.dylib
0x00007fff50813000 	/System/Library/Frameworks/CoreFoundation.framework/Versions/A/CoreFoundation
0x00007fff52a96000 	/System/Library/Frameworks/Foundation.framework/Versions/C/Foundation
0x00007fff7afc4000 	/usr/lib/libobjc.A.dylib
0x00007fff4de2a000 	/System/Library/Frameworks/AppKit.framework/Versions/C/AppKit
0x00007fff5039c000 	/System/Library/Frameworks/CoreData.framework/Versions/A/CoreData
0x00007fff73253000 	/System/Library/PrivateFrameworks/RemoteViewServices.framework/Versions/A/RemoteViewServices
0x00007fff774ca000 	/System/Library/PrivateFrameworks/UIFoundation.framework/Versions/A/UIFoundation
0x00007fff78bae000 	/System/Library/PrivateFrameworks/XCTTargetBootstrap.framework/Versions/A/XCTTargetBootstrap
0x00007fff50722000 	/System/Library/Frameworks/CoreDisplay.framework/Versions/A/CoreDisplay
0x00007fff6df8d000 	/System/Library/PrivateFrameworks/IconServices.framework/Versions/A/IconServices
0x00007fff553b7000 	/System/Library/Frameworks/Metal.framework/Versions/A/Metal
0x00007fff654d0000 	/System/Library/PrivateFrameworks/DesktopServicesPriv.framework/Versions/A/DesktopServicesPriv
0x00007fff7a327000 	/usr/lib/libenergytrace.dylib
0x00007fff759b1000 	/System/Library/PrivateFrameworks/SkyLight.framework/Versions/A/SkyLight
0x00007fff50c5a000 	/System/Library/Frameworks/CoreGraphics.framework/Versions/A/CoreGraphics
0x00007fff4cbf6000 	/System/Library/Frameworks/Accelerate.framework/Versions/A/Accelerate
0x00007fff531df000 	/System/Library/Frameworks/IOSurface.framework/Versions/A/IOSurface
0x00007fff6533c000 	/System/Library/PrivateFrameworks/DFRFoundation.framework/Versions/A/DFRFoundation
0x00007fff4f114000 	/System/Library/Frameworks/AudioToolbox.framework/Versions/A/AudioToolbox
0x00007fff4f38d000 	/System/Library/Frameworks/AudioUnit.framework/Versions/A/AudioUnit
0x00007fff653d1000 	/System/Library/PrivateFrameworks/DataDetectorsCore.framework/Versions/A/DataDetectorsCore
0x00007fff4faa1000 	/System/Library/Frameworks/Carbon.framework/Versions/A/Frameworks/HIToolbox.framework/Versions/A/HIToolbox
0x00007fff7a480000 	/usr/lib/libicucore.A.dylib
0x00007fff5b2b6000 	/System/Library/Frameworks/QuartzCore.framework/Versions/A/QuartzCore
0x00007fff4fe76000 	/System/Library/Frameworks/Carbon.framework/Versions/A/Frameworks/SpeechRecognition.framework/Versions/A/SpeechRecognition
0x00007fff798e1000 	/usr/lib/libauto.dylib
0x00007fff7bd27000 	/usr/lib/libxml2.2.dylib
0x00007fff64f17000 	/System/Library/PrivateFrameworks/CoreUI.framework/Versions/A/CoreUI
0x00007fff50287000 	/System/Library/Frameworks/CoreAudio.framework/Versions/A/CoreAudio
0x00007fff528cb000 	/System/Library/Frameworks/DiskArbitration.framework/Versions/A/DiskArbitration
0x00007fff7a72e000 	/usr/lib/liblangid.dylib
0x00007fff6f398000 	/System/Library/PrivateFrameworks/MultitouchSupport.framework/Versions/A/MultitouchSupport
0x00007fff5314e000 	/System/Library/Frameworks/IOKit.framework/Versions/A/IOKit
0x00007fff7934d000 	/usr/lib/libDiagnosticMessagesClient.dylib
0x00007fff51a69000 	/System/Library/Frameworks/CoreServices.framework/Versions/A/CoreServices
0x00007fff71052000 	/System/Library/PrivateFrameworks/PerformanceAnalysis.framework/Versions/A/PerformanceAnalysis
0x00007fff5a4a4000 	/System/Library/Frameworks/OpenGL.framework/Versions/A/OpenGL
0x00007fff4ffac000 	/System/Library/Frameworks/ColorSync.framework/Versions/A/ColorSync
0x00007fff512eb000 	/System/Library/Frameworks/CoreImage.framework/Versions/A/CoreImage
0x00007fff52441000 	/System/Library/Frameworks/CoreText.framework/Versions/A/CoreText
0x00007fff53242000 	/System/Library/Frameworks/ImageIO.framework/Versions/A/ImageIO
0x00007fff61569000 	/System/Library/PrivateFrameworks/Backup.framework/Versions/A/Backup
0x00007fff79834000 	/usr/lib/libarchive.2.dylib
0x00007fff4f6e6000 	/System/Library/Frameworks/CFNetwork.framework/Versions/A/CFNetwork
0x00007fff5c4a1000 	/System/Library/Frameworks/SystemConfiguration.framework/Versions/A/SystemConfiguration
0x00007fff7927e000 	/usr/lib/libCRFSuite.dylib
0x00007fff799d0000 	/usr/lib/libc++.1.dylib
0x00007fff79a24000 	/usr/lib/libc++abi.dylib
0x00007fff7c629000 	/usr/lib/system/libcache.dylib
0x00007fff7c62e000 	/usr/lib/system/libcommonCrypto.dylib
0x00007fff7c639000 	/usr/lib/system/libcompiler_rt.dylib
0x00007fff7c641000 	/usr/lib/system/libcopyfile.dylib
0x00007fff7c64b000 	/usr/lib/system/libcorecrypto.dylib
0x00007fff7c756000 	/usr/lib/system/libdispatch.dylib
0x00007fff7c790000 	/usr/lib/system/libdyld.dylib
0x00007fff7c7bd000 	/usr/lib/system/libkeymgr.dylib
0x00007fff7c7cb000 	/usr/lib/system/liblaunch.dylib
0x00007fff7c7cc000 	/usr/lib/system/libmacho.dylib
0x00007fff7c7d2000 	/usr/lib/system/libquarantine.dylib
0x00007fff7c7d5000 	/usr/lib/system/libremovefile.dylib
0x00007fff7c7d7000 	/usr/lib/system/libsystem_asl.dylib
0x00007fff7c7ef000 	/usr/lib/system/libsystem_blocks.dylib
0x00007fff7c7f0000 	/usr/lib/system/libsystem_c.dylib
0x00007fff7c878000 	/usr/lib/system/libsystem_configuration.dylib
0x00007fff7c87c000 	/usr/lib/system/libsystem_coreservices.dylib
0x00007fff7c880000 	/usr/lib/system/libsystem_darwin.dylib
0x00007fff7c887000 	/usr/lib/system/libsystem_dnssd.dylib
0x00007fff7c88e000 	/usr/lib/system/libsystem_info.dylib
0x00007fff7c903000 	/usr/lib/system/libsystem_m.dylib
0x00007fff7c94f000 	/usr/lib/system/libsystem_malloc.dylib
0x00007fff7c97a000 	/usr/lib/system/libsystem_networkextension.dylib
0x00007fff7c985000 	/usr/lib/system/libsystem_notify.dylib
0x00007fff7c9a2000 	/usr/lib/system/libsystem_sandbox.dylib
0x00007fff7c9a6000 	/usr/lib/system/libsystem_secinit.dylib
0x00007fff7c8da000 	/usr/lib/system/libsystem_kernel.dylib
0x00007fff7c98d000 	/usr/lib/system/libsystem_platform.dylib
0x00007fff7c997000 	/usr/lib/system/libsystem_pthread.dylib
0x00007fff7c9a9000 	/usr/lib/system/libsystem_symptoms.dylib
0x00007fff7c9b1000 	/usr/lib/system/libsystem_trace.dylib
0x00007fff7c9c8000 	/usr/lib/system/libunwind.dylib
0x00007fff7c9ce000 	/usr/lib/system/libxpc.dylib
0x00007fff799b1000 	/usr/lib/libbsm.0.dylib
0x00007fff7c7be000 	/usr/lib/system/libkxld.dylib
0x00007fff6095a000 	/System/Library/PrivateFrameworks/AppleFSCompression.framework/Versions/A/AppleFSCompression
0x00007fff7964d000 	/usr/lib/libOpenScriptingUtil.dylib
0x00007fff79cd9000 	/usr/lib/libcoretls.dylib
0x00007fff79cf0000 	/usr/lib/libcoretls_cfhelpers.dylib
0x00007fff7b75b000 	/usr/lib/libpam.2.dylib
0x00007fff7b91b000 	/usr/lib/libsqlite3.dylib
0x00007fff7bd15000 	/usr/lib/libxar.1.dylib
0x00007fff799c2000 	/usr/lib/libbz2.1.0.dylib
0x00007fff7a730000 	/usr/lib/liblzma.5.dylib
0x00007fff7abe1000 	/usr/lib/libnetwork.dylib
0x00007fff7981d000 	/usr/lib/libapple_nghttp2.dylib
0x00007fff7b762000 	/usr/lib/libpcap.A.dylib
0x00007fff51e08000 	/System/Library/Frameworks/CoreServices.framework/Versions/A/Frameworks/FSEvents.framework/Versions/A/FSEvents
0x00007fff51ae7000 	/System/Library/Frameworks/CoreServices.framework/Versions/A/Frameworks/CarbonCore.framework/Versions/A/CarbonCore
0x00007fff51fc3000 	/System/Library/Frameworks/CoreServices.framework/Versions/A/Frameworks/Metadata.framework/Versions/A/Metadata
0x00007fff52062000 	/System/Library/Frameworks/CoreServices.framework/Versions/A/Frameworks/OSServices.framework/Versions/A/OSServices
0x00007fff520ad000 	/System/Library/Frameworks/CoreServices.framework/Versions/A/Frameworks/SearchKit.framework/Versions/A/SearchKit
0x00007fff51a6a000 	/System/Library/Frameworks/CoreServices.framework/Versions/A/Frameworks/AE.framework/Versions/A/AE
0x00007fff51e11000 	/System/Library/Frameworks/CoreServices.framework/Versions/A/Frameworks/LaunchServices.framework/Versions/A/LaunchServices
0x00007fff51dbf000 	/System/Library/Frameworks/CoreServices.framework/Versions/A/Frameworks/DictionaryServices.framework/Versions/A/DictionaryServices
0x00007fff52115000 	/System/Library/Frameworks/CoreServices.framework/Versions/A/Frameworks/SharedFileList.framework/Versions/A/SharedFileList
0x00007fff5647f000 	/System/Library/Frameworks/NetFS.framework/Versions/A/NetFS
0x00007fff6f5fe000 	/System/Library/PrivateFrameworks/NetAuth.framework/Versions/A/NetAuth
0x00007fff78fb2000 	/System/Library/PrivateFrameworks/login.framework/Versions/A/Frameworks/loginsupport.framework/Versions/A/loginsupport
0x00007fff770d3000 	/System/Library/PrivateFrameworks/TCC.framework/Versions/A/TCC
0x00007fff64574000 	/System/Library/PrivateFrameworks/CoreNLP.framework/Versions/A/CoreNLP
0x00007fff6f093000 	/System/Library/PrivateFrameworks/MetadataUtilities.framework/Versions/A/MetadataUtilities
0x00007fff7a805000 	/usr/lib/libmecabra.dylib
0x00007fff4ec32000 	/System/Library/Frameworks/ApplicationServices.framework/Versions/A/Frameworks/ATS.framework/Versions/A/ATS
0x00007fff4ef81000 	/System/Library/Frameworks/ApplicationServices.framework/Versions/A/Frameworks/ColorSyncLegacy.framework/Versions/A/ColorSyncLegacy
0x00007fff4f020000 	/System/Library/Frameworks/ApplicationServices.framework/Versions/A/Frameworks/HIServices.framework/Versions/A/HIServices
0x00007fff4f073000 	/System/Library/Frameworks/ApplicationServices.framework/Versions/A/Frameworks/LangAnalysis.framework/Versions/A/LangAnalysis
0x00007fff4f083000 	/System/Library/Frameworks/ApplicationServices.framework/Versions/A/Frameworks/PrintCore.framework/Versions/A/PrintCore
0x00007fff4f0cd000 	/System/Library/Frameworks/ApplicationServices.framework/Versions/A/Frameworks/QD.framework/Versions/A/QD
0x00007fff4f107000 	/System/Library/Frameworks/ApplicationServices.framework/Versions/A/Frameworks/SpeechSynthesis.framework/Versions/A/SpeechSynthesis
0x00007fff79a4c000 	/usr/lib/libcompression.dylib
0x00007fff55687000 	/System/Library/Frameworks/MetalPerformanceShaders.framework/Versions/A/MetalPerformanceShaders
0x00007fff4cc0e000 	/System/Library/Frameworks/Accelerate.framework/Versions/A/Frameworks/vImage.framework/Versions/A/vImage
0x00007fff4dc88000 	/System/Library/Frameworks/Accelerate.framework/Versions/A/Frameworks/vecLib.framework/Versions/A/vecLib
0x00007fff4dbd4000 	/System/Library/Frameworks/Accelerate.framework/Versions/A/Frameworks/vecLib.framework/Versions/A/libvMisc.dylib
0x00007fff4d9ec000 	/System/Library/Frameworks/Accelerate.framework/Versions/A/Frameworks/vecLib.framework/Versions/A/libvDSP.dylib
0x00007fff4d2a8000 	/System/Library/Frameworks/Accelerate.framework/Versions/A/Frameworks/vecLib.framework/Versions/A/libBLAS.dylib
0x00007fff4d595000 	/System/Library/Frameworks/Accelerate.framework/Versions/A/Frameworks/vecLib.framework/Versions/A/libLAPACK.dylib
0x00007fff4d93f000 	/System/Library/Frameworks/Accelerate.framework/Versions/A/Frameworks/vecLib.framework/Versions/A/libLinearAlgebra.dylib
0x00007fff4d9d8000 	/System/Library/Frameworks/Accelerate.framework/Versions/A/Frameworks/vecLib.framework/Versions/A/libSparseBLAS.dylib
0x00007fff4d955000 	/System/Library/Frameworks/Accelerate.framework/Versions/A/Frameworks/vecLib.framework/Versions/A/libQuadrature.dylib
0x00007fff4d522000 	/System/Library/Frameworks/Accelerate.framework/Versions/A/Frameworks/vecLib.framework/Versions/A/libBNNS.dylib
0x00007fff4d95b000 	/System/Library/Frameworks/Accelerate.framework/Versions/A/Frameworks/vecLib.framework/Versions/A/libSparse.dylib
0x00007fff6b8c2000 	/System/Library/PrivateFrameworks/GPUWrangler.framework/Versions/A/GPUWrangler
0x00007fff6dbc2000 	/System/Library/PrivateFrameworks/IOAccelerator.framework/Versions/A/IOAccelerator
0x00007fff6dbcd000 	/System/Library/PrivateFrameworks/IOPresentment.framework/Versions/A/IOPresentment
0x00007fff6534c000 	/System/Library/PrivateFrameworks/DSExternalDisplay.framework/Versions/A/DSExternalDisplay
0x00007fff598fb000 	/System/Library/Frameworks/OpenGL.framework/Versions/A/Libraries/libCoreFSCache.dylib
0x00007fff5547b000 	/System/Library/Frameworks/MetalPerformanceShaders.framework/Frameworks/MPSCore.framework/Versions/A/MPSCore
0x00007fff5549b000 	/System/Library/Frameworks/MetalPerformanceShaders.framework/Frameworks/MPSImage.framework/Versions/A/MPSImage
0x00007fff55540000 	/System/Library/Frameworks/MetalPerformanceShaders.framework/Frameworks/MPSNeuralNetwork.framework/Versions/A/MPSNeuralNetwork
0x00007fff55518000 	/System/Library/Frameworks/MetalPerformanceShaders.framework/Frameworks/MPSMatrix.framework/Versions/A/MPSMatrix
0x00007fff5566c000 	/System/Library/Frameworks/MetalPerformanceShaders.framework/Frameworks/MPSRayIntersector.framework/Versions/A/MPSRayIntersector
0x00007fff6f0bc000 	/System/Library/PrivateFrameworks/MetalTools.framework/Versions/A/MetalTools
0x00007fff60204000 	/System/Library/PrivateFrameworks/AggregateDictionary.framework/Versions/A/AggregateDictionary
0x00007fff7962d000 	/usr/lib/libMobileGestalt.dylib
0x00007fff525a4000 	/System/Library/Frameworks/CoreVideo.framework/Versions/A/CoreVideo
0x00007fff6c6d3000 	/System/Library/PrivateFrameworks/GraphVisualizer.framework/Versions/A/GraphVisualizer
0x00007fff66552000 	/System/Library/PrivateFrameworks/FaceCore.framework/Versions/A/FaceCore
0x00007fff58f29000 	/System/Library/Frameworks/OpenCL.framework/Versions/A/OpenCL
0x00007fff79385000 	/usr/lib/libFosl_dynamic.dylib
0x00007fff6fe69000 	/System/Library/PrivateFrameworks/OTSVG.framework/Versions/A/OTSVG
0x00007fff4ed36000 	/System/Library/Frameworks/ApplicationServices.framework/Versions/A/Frameworks/ATS.framework/Versions/A/Resources/libFontParser.dylib
0x00007fff4ee4e000 	/System/Library/Frameworks/ApplicationServices.framework/Versions/A/Frameworks/ATS.framework/Versions/A/Resources/libFontRegistry.dylib
0x00007fff534b0000 	/System/Library/Frameworks/ImageIO.framework/Versions/A/Resources/libJPEG.dylib
0x00007fff537c2000 	/System/Library/Frameworks/ImageIO.framework/Versions/A/Resources/libTIFF.dylib
0x00007fff53798000 	/System/Library/Frameworks/ImageIO.framework/Versions/A/Resources/libPng.dylib
0x00007fff533ce000 	/System/Library/Frameworks/ImageIO.framework/Versions/A/Resources/libGIF.dylib
0x00007fff533d3000 	/System/Library/Frameworks/ImageIO.framework/Versions/A/Resources/libJP2.dylib
0x00007fff537bf000 	/System/Library/Frameworks/ImageIO.framework/Versions/A/Resources/libRadiance.dylib
0x00007fff60ab1000 	/System/Library/PrivateFrameworks/AppleJPEG.framework/Versions/A/AppleJPEG
0x00007fff59906000 	/System/Library/Frameworks/OpenGL.framework/Versions/A/Libraries/libGFXShared.dylib
0x00007fff59ac9000 	/System/Library/Frameworks/OpenGL.framework/Versions/A/Libraries/libGLU.dylib
0x00007fff5990f000 	/System/Library/Frameworks/OpenGL.framework/Versions/A/Libraries/libGL.dylib
0x00007fff5991b000 	/System/Library/Frameworks/OpenGL.framework/Versions/A/Libraries/libGLImage.dylib
0x00007fff598f8000 	/System/Library/Frameworks/OpenGL.framework/Versions/A/Libraries/libCVMSPluginSupport.dylib
0x00007fff59901000 	/System/Library/Frameworks/OpenGL.framework/Versions/A/Libraries/libCoreVMClient.dylib
0x00007fff7a19d000 	/usr/lib/libcups.2.dylib
0x00007fff54982000 	/System/Library/Frameworks/Kerberos.framework/Versions/A/Kerberos
0x00007fff52eb2000 	/System/Library/Frameworks/GSS.framework/Versions/A/GSS
0x00007fff7b8b0000 	/usr/lib/libresolv.9.dylib
0x00007fff7a38f000 	/usr/lib/libiconv.2.dylib
0x00007fff6c848000 	/System/Library/PrivateFrameworks/Heimdal.framework/Versions/A/Heimdal
0x00007fff7a35f000 	/usr/lib/libheimdal-asn1.dylib
0x00007fff58f9d000 	/System/Library/Frameworks/OpenDirectory.framework/Versions/A/OpenDirectory
0x00007fff632d7000 	/System/Library/PrivateFrameworks/CommonAuth.framework/Versions/A/CommonAuth
0x00007fff58f81000 	/System/Library/Frameworks/OpenDirectory.framework/Versions/A/Frameworks/CFOpenDirectory.framework/Versions/A/CFOpenDirectory
0x00007fff5c046000 	/System/Library/Frameworks/SecurityFoundation.framework/Versions/A/SecurityFoundation
0x00007fff5f74a000 	/System/Library/PrivateFrameworks/APFS.framework/Versions/A/APFS
0x00007fff7bd11000 	/usr/lib/libutil.dylib
0x00007fff79a3a000 	/usr/lib/libcharset.1.dylib
0x00007fff60d4e000 	/System/Library/PrivateFrameworks/AppleSauce.framework/Versions/A/AppleSauce
0x00007fff60ecf000 	/System/Library/PrivateFrameworks/AssertionServices.framework/Versions/A/AssertionServices
0x00007fff615ff000 	/System/Library/PrivateFrameworks/BaseBoard.framework/Versions/A/BaseBoard
0x00007fff7a760000 	/usr/lib/libmecab.1.0.0.dylib
0x00007fff7a359000 	/usr/lib/libgermantok.dylib
0x00007fff7980a000 	/usr/lib/libThaiTokenizer.dylib
0x00007fff792b5000 	/usr/lib/libChineseTokenizer.dylib
0x00007fff6e27a000 	/System/Library/PrivateFrameworks/LanguageModeling.framework/Versions/A/LanguageModeling
0x00007fff63fb9000 	/System/Library/PrivateFrameworks/CoreEmoji.framework/Versions/A/CoreEmoji
0x00007fff6e356000 	/System/Library/PrivateFrameworks/Lexicon.framework/Versions/A/Lexicon
0x00007fff6e399000 	/System/Library/PrivateFrameworks/LinguisticData.framework/Versions/A/LinguisticData
0x00007fff79a3b000 	/usr/lib/libcmph.dylib
0x00007fff5c104000 	/System/Library/Frameworks/ServiceManagement.framework/Versions/A/ServiceManagement
0x00007fff61560000 	/System/Library/PrivateFrameworks/BackgroundTaskManagement.framework/Versions/A/BackgroundTaskManagement
0x00007fff7be0a000 	/usr/lib/libxslt.1.dylib
0x00007fff4fda3000 	/System/Library/Frameworks/Carbon.framework/Versions/A/Frameworks/Ink.framework/Versions/A/Ink
0x00007fff77345000 	/System/Library/PrivateFrameworks/TextureIO.framework/Versions/A/TextureIO
0x00007fff7985e000 	/usr/lib/libate.dylib
0x00007fff6529b000 	/System/Library/PrivateFrameworks/CrashReporterSupport.framework/Versions/A/CrashReporterSupport
0x00007fff74a7f000 	/System/Library/PrivateFrameworks/Sharing.framework/Versions/A/Sharing
0x00007fff612b2000 	/System/Library/PrivateFrameworks/AuthKit.framework/Versions/A/AuthKit
0x00007fff60806000 	/System/Library/PrivateFrameworks/Apple80211.framework/Versions/A/Apple80211
0x00007fff65043000 	/System/Library/PrivateFrameworks/CoreUtils.framework/Versions/A/CoreUtils
0x00007fff525e5000 	/System/Library/Frameworks/CoreWLAN.framework/Versions/A/CoreWLAN
0x00007fff52fe1000 	/System/Library/Frameworks/IOBluetooth.framework/Versions/A/IOBluetooth
0x00007fff72ef3000 	/System/Library/PrivateFrameworks/ProtocolBuffer.framework/Versions/A/ProtocolBuffer
0x00007fff6f2f4000 	/System/Library/PrivateFrameworks/MobileKeyBag.framework/Versions/A/MobileKeyBag
0x00007fff64887000 	/System/Library/PrivateFrameworks/CorePhoneNumbers.framework/Versions/A/CorePhoneNumbers
0x00007fff60a65000 	/System/Library/PrivateFrameworks/AppleIDAuthSupport.framework/Versions/A/AppleIDAuthSupport
0x00007fff6e24d000 	/System/Library/PrivateFrameworks/KeychainCircle.framework/Versions/A/KeychainCircle
0x00007fff730a9000 	/System/Library/PrivateFrameworks/ROCKit.framework/Versions/A/ROCKit
0x00007fff65237000 	/System/Library/PrivateFrameworks/CoreWiFi.framework/Versions/A/CoreWiFi
0x00007fff50371000 	/System/Library/Frameworks/CoreBluetooth.framework/Versions/A/CoreBluetooth
0x00007fff65492000 	/System/Library/PrivateFrameworks/DebugSymbols.framework/Versions/A/DebugSymbols
0x00007fff64e03000 	/System/Library/PrivateFrameworks/CoreSymbolication.framework/Versions/A/CoreSymbolication
0x00007fff76b60000 	/System/Library/PrivateFrameworks/Symbolication.framework/Versions/A/Symbolication
0x00007fff76403000 	/System/Library/PrivateFrameworks/SpeechRecognitionCore.framework/Versions/A/SpeechRecognitionCore
0x000000010b000000 	/usr/local/Cellar/openjdk@8/1.8.0+282/libexec/openjdk.jdk/Contents/Home/jre/lib/server/libjvm.dylib
0x000000010a774000 	/usr/local/Cellar/openjdk@8/1.8.0+282/libexec/openjdk.jdk/Contents/Home/jre/lib/libverify.dylib
0x000000010a781000 	/usr/local/Cellar/openjdk@8/1.8.0+282/libexec/openjdk.jdk/Contents/Home/jre/lib/libjava.dylib
0x000000010a7c3000 	/usr/local/Cellar/openjdk@8/1.8.0+282/libexec/openjdk.jdk/Contents/Home/jre/lib/libinstrument.dylib
0x000000010a7e7000 	/usr/local/Cellar/openjdk@8/1.8.0+282/libexec/openjdk.jdk/Contents/Home/jre/lib/libzip.dylib
0x0000000111c19000 	/usr/local/Cellar/openjdk@8/1.8.0+282/libexec/openjdk.jdk/Contents/Home/jre/lib/libnio.dylib
0x0000000111c29000 	/usr/local/Cellar/openjdk@8/1.8.0+282/libexec/openjdk.jdk/Contents/Home/jre/lib/./libnet.dylib
0x0000000111dad000 	/usr/local/Cellar/openjdk@8/1.8.0+282/libexec/openjdk.jdk/Contents/Home/jre/lib/libmanagement.dylib
0x0000000111e55000 	/usr/local/Cellar/openjdk@8/1.8.0+282/libexec/openjdk.jdk/Contents/Home/jre/lib/libsunec.dylib
0x0000000111d5a000 	/private/var/folders/5w/2sf1ztc95qs3l9bblk6nvqcr0000gn/T/liblz4-java427190723286662730.dylib
0x0000000111db7000 	/private/var/folders/5w/2sf1ztc95qs3l9bblk6nvqcr0000gn/T/jna-1761146168/jna951439709207397675.tmp
0x00007fff5497d000 	/System/Library/Frameworks/JavaVM.framework/Versions/A/JavaVM
0x00007fff6e16c000 	/System/Library/PrivateFrameworks/JavaLaunching.framework/Versions/A/JavaLaunching

VM Arguments:
jvm_args: -Xloggc:/usr/local/Cellar/cassandra/3.11.10/libexec/logs/gc.log -ea -XX:+UseThreadPriorities -XX:ThreadPriorityPolicy=42 -XX:+HeapDumpOnOutOfMemoryError -Xss256k -XX:StringTableSize=1000003 -XX:+AlwaysPreTouch -XX:-UseBiasedLocking -XX:+UseTLAB -XX:+ResizeTLAB -XX:+UseNUMA -XX:+PerfDisableSharedMem -Djava.net.preferIPv4Stack=true -XX:+UseParNewGC -XX:+UseConcMarkSweepGC -XX:+CMSParallelRemarkEnabled -XX:SurvivorRatio=8 -XX:MaxTenuringThreshold=1 -XX:CMSInitiatingOccupancyFraction=75 -XX:+UseCMSInitiatingOccupancyOnly -XX:CMSWaitDuration=10000 -XX:+CMSParallelInitialMarkEnabled -XX:+CMSEdenChunksRecordAlways -XX:+CMSClassUnloadingEnabled -XX:+PrintGCDetails -XX:+PrintGCDateStamps -XX:+PrintHeapAtGC -XX:+PrintTenuringDistribution -XX:+PrintGCApplicationStoppedTime -XX:+PrintPromotionFailure -XX:+UseGCLogFileRotation -XX:NumberOfGCLogFiles=10 -XX:GCLogFileSize=10M -Xms2048M -Xmx2048M -Xmn400M -XX:+UseCondCardMark -XX:CompileCommandFile=/usr/local/etc/cassandra/hotspot_compiler -javaagent:/usr/local/Cellar/cassandra/3.11.10/libexec/jamm-0.3.0.jar -Dcassandra.jmx.local.port=7199 -Dcom.sun.management.jmxremote.authenticate=false -Dcom.sun.management.jmxremote.password.file=/etc/cassandra/jmxremote.password -Djava.library.path=/usr/local/Cellar/cassandra/3.11.10/libexec/sigar-bin -XX:OnOutOfMemoryError=kill -9 %p -Dlogback.configurationFile=logback.xml -Dcassandra.logdir=/usr/local/var/log/cassandra -Dcassandra.storagedir=/usr/local/var/lib/cassandra -Dcassandra-foreground=yes 
java_command: org.apache.cassandra.service.CassandraDaemon
java_class_path (initial): /usr/local/etc/cassandra:/usr/local/Cellar/cassandra/3.11.10/libexec/build/classes/main:/usr/local/Cellar/cassandra/3.11.10/libexec/build/classes/thrift:/usr/local/Cellar/cassandra/3.11.10/libexec/HdrHistogram-2.1.9.jar:/usr/local/Cellar/cassandra/3.11.10/libexec/ST4-4.0.8.jar:/usr/local/Cellar/cassandra/3.11.10/libexec/airline-0.6.jar:/usr/local/Cellar/cassandra/3.11.10/libexec/antlr-runtime-3.5.2.jar:/usr/local/Cellar/cassandra/3.11.10/libexec/apache-cassandra-3.11.10.jar:/usr/local/Cellar/cassandra/3.11.10/libexec/apache-cassandra-thrift-3.11.10.jar:/usr/local/Cellar/cassandra/3.11.10/libexec/asm-5.0.4.jar:/usr/local/Cellar/cassandra/3.11.10/libexec/caffeine-2.2.6.jar:/usr/local/Cellar/cassandra/3.11.10/libexec/cassandra-driver-core-3.0.1-shaded.jar:/usr/local/Cellar/cassandra/3.11.10/libexec/commons-cli-1.1.jar:/usr/local/Cellar/cassandra/3.11.10/libexec/commons-codec-1.9.jar:/usr/local/Cellar/cassandra/3.11.10/libexec/commons-lang3-3.1.jar:/usr/local/Cellar/cassandra/3.11.10/libexec/commons-math3-3.2.jar:/usr/local/Cellar/cassandra/3.11.10/libexec/compress-lzf-0.8.4.jar:/usr/local/Cellar/cassandra/3.11.10/libexec/concurrent-trees-2.4.0.jar:/usr/local/Cellar/cassandra/3.11.10/libexec/concurrentlinkedhashmap-lru-1.4.jar:/usr/local/Cellar/cassandra/3.11.10/libexec/disruptor-3.0.1.jar:/usr/local/Cellar/cassandra/3.11.10/libexec/ecj-4.4.2.jar:/usr/local/Cellar/cassandra/3.11.10/libexec/guava-18.0.jar:/usr/local/Cellar/cassandra/3.11.10/libexec/high-scale-lib-1.0.6.jar:/usr/local/Cellar/cassandra/3.11.10/libexec/hppc-0.5.4.jar:/usr/local/Cellar/cassandra/3.11.10/libexec/jackson-annotations-2.9.10.jar:/usr/local/Cellar/cassandra/3.11.10/libexec/jackson-core-2.9.10.jar:/usr/local/Cellar/cassandra/3.11.10/libexec/jackson-databind-2.9.10.4.jar:/usr/local/Cellar/cassandra/3.11.10/libexec/jamm-0.3.0.jar:/usr/local/Cellar/cassandra/3.11.10/libexec/javax.inject.jar:/usr/local/Cellar/cassandra/3.11.10/libexec/jbcrypt-0.3m.jar:/usr/local/Cellar/cas
Launcher Type: SUN_STANDARD

Environment Variables:
PATH=/Users/biswajitmohapatra/opt/anaconda3/bin:/Users/biswajitmohapatra/opt/anaconda3/condabin:/Library/Frameworks/Python.framework/Versions/3.9/bin:/usr/local/bin:/usr/bin:/bin:/usr/sbin:/sbin
SHELL=/bin/bash

Signal Handlers:
SIGSEGV: [libjvm.dylib+0x589adf], sa_mask[0]=11111111011111110111111111111111, sa_flags=SA_ONSTACK|SA_RESTART|SA_SIGINFO
SIGBUS: [libjvm.dylib+0x589adf], sa_mask[0]=11111111011111110111111111111111, sa_flags=SA_RESTART|SA_SIGINFO
SIGFPE: [libjvm.dylib+0x48577f], sa_mask[0]=11111111011111110111111111111111, sa_flags=SA_RESTART|SA_SIGINFO
SIGPIPE: [libjvm.dylib+0x48577f], sa_mask[0]=11111111011111110111111111111111, sa_flags=SA_RESTART|SA_SIGINFO
SIGXFSZ: [libjvm.dylib+0x48577f], sa_mask[0]=11111111011111110111111111111111, sa_flags=SA_RESTART|SA_SIGINFO
SIGILL: [libjvm.dylib+0x48577f], sa_mask[0]=11111111011111110111111111111111, sa_flags=SA_RESTART|SA_SIGINFO
SIGUSR1: SIG_DFL, sa_mask[0]=11011111011111100000000111000110, sa_flags=none
SIGUSR2: [libjvm.dylib+0x48605a], sa_mask[0]=00000000000000000000000000000000, sa_flags=SA_RESTART|SA_SIGINFO
SIGHUP: [libjvm.dylib+0x48428b], sa_mask[0]=11111111011111110111111111111111, sa_flags=SA_RESTART|SA_SIGINFO
SIGINT: [libjvm.dylib+0x48428b], sa_mask[0]=11111111011111110111111111111111, sa_flags=SA_RESTART|SA_SIGINFO
SIGTERM: [libjvm.dylib+0x48428b], sa_mask[0]=11111111011111110111111111111111, sa_flags=SA_RESTART|SA_SIGINFO
SIGQUIT: [libjvm.dylib+0x48428b], sa_mask[0]=11111111011111110111111111111111, sa_flags=SA_RESTART|SA_SIGINFO


---------------  S Y S T E M  ---------------

OS:Bsduname:Darwin 18.7.0 Darwin Kernel Version 18.7.0: Tue Aug 20 16:57:14 PDT 2019; root:xnu-4903.271.2~2/RELEASE_X86_64 x86_64
rlimit: STACK 8192k, CORE 0k, NPROC 709, NOFILE 10240, AS infinity
load average:4.56 5.02 3.58

CPU:total 4 (initial active 4) (2 cores per cpu, 2 threads per core) family 6 model 61 stepping 4, cmov, cx8, fxsr, mmx, sse, sse2, sse3, ssse3, sse4.1, sse4.2, popcnt, avx, avx2, aes, clmul, erms, rtm, 3dnowpref, lzcnt, ht, tsc, tscinvbit, bmi1, bmi2, adx

Memory: 4k page, physical 8388608k(18744k free)

/proc/meminfo:


vm_info: OpenJDK 64-Bit Server VM (25.282-b00) for bsd-amd64 JRE (1.8.0_282-bre_2021_01_20_15_56-b00), built on Jan 20 2021 16:00:47 by "brew" with gcc 4.2.1 Compatible Apple LLVM 11.0.0 (clang-1100.0.33.17)

time: Mon Mar 29 20:58:23 2021
timezone: IST
elapsed time: 24.214556 seconds (0d 0h 0m 24s)

